# This file may be used to create an environment using:
# $ conda create --name <env> --file <this file>
# platform: linux-64
@EXPLICIT
https://repo.continuum.io/pkgs/free/linux-64/backports-1.0-py34_0.tar.bz2
https://conda.anaconda.org/conda-forge/noarch/backports.shutil_get_terminal_size-1.0.0-py_3.tar.bz2
https://conda.anaconda.org/conda-forge/linux-64/backports_abc-0.5-py34_0.tar.bz2
https://repo.continuum.io/pkgs/free/linux-64/basemap-1.0.7-np111py34_0.tar.bz2
https://conda.anaconda.org/conda-forge/linux-64/blas-1.1-openblas.tar.bz2
https://conda.anaconda.org/conda-forge/linux-64/ca-certificates-2017.7.27.1-0.tar.bz2
https://conda.anaconda.org/conda-forge/linux-64/certifi-2017.1.23-py34_0.tar.bz2
https://repo.continuum.io/pkgs/free/linux-64/cffi-1.9.1-py34_0.tar.bz2
https://conda.anaconda.org/conda-forge/linux-64/configparser-3.5.0-py34_0.tar.bz2
https://repo.continuum.io/pkgs/free/linux-64/curl-7.45.0-0.tar.bz2
https://conda.anaconda.org/conda-forge/linux-64/cycler-0.10.0-py34_0.tar.bz2
https://repo.continuum.io/pkgs/free/linux-64/decorator-4.0.10-py34_1.tar.bz2
https://conda.anaconda.org/conda-forge/linux-64/entrypoints-0.2.2-py34_0.tar.bz2
https://repo.continuum.io/pkgs/free/linux-64/fontconfig-2.11.1-6.tar.bz2
https://repo.continuum.io/pkgs/free/linux-64/freetype-2.5.5-1.tar.bz2
https://repo.continuum.io/pkgs/free/linux-64/gdal-2.0.0-py34_1.tar.bz2
https://conda.anaconda.org/conda-forge/linux-64/geos-3.4.2-2.tar.bz2
https://repo.continuum.io/pkgs/free/linux-64/h5py-2.6.0-np111py34_0.tar.bz2
https://repo.continuum.io/pkgs/free/linux-64/hdf4-4.2.11-0.tar.bz2
https://repo.continuum.io/pkgs/free/linux-64/hdf5-1.8.15.1-3.tar.bz2
https://conda.anaconda.org/conda-forge/linux-64/icu-56.1-4.tar.bz2
https://conda.anaconda.org/conda-forge/linux-64/ipykernel-4.5.2-py34_0.tar.bz2
https://conda.anaconda.org/conda-forge/linux-64/ipython-5.1.0-py34_0.tar.bz2
https://conda.anaconda.org/conda-forge/linux-64/ipython_genutils-0.1.0-py34_0.tar.bz2
https://repo.continuum.io/pkgs/free/linux-64/ipywidgets-5.2.2-py34_1.tar.bz2
https://repo.continuum.io/pkgs/free/linux-64/jinja2-2.9.6-py34_0.tar.bz2
https://repo.continuum.io/pkgs/free/linux-64/jpeg-8d-2.tar.bz2
https://conda.anaconda.org/conda-forge/linux-64/jsonschema-2.5.1-py34_0.tar.bz2
https://repo.continuum.io/pkgs/free/linux-64/jupyter-1.0.0-py34_3.tar.bz2
https://conda.anaconda.org/conda-forge/linux-64/jupyter_client-4.4.0-py34_0.tar.bz2
https://conda.anaconda.org/conda-forge/linux-64/jupyter_console-5.0.0-py34_0.tar.bz2
https://conda.anaconda.org/conda-forge/linux-64/jupyter_core-4.2.1-py34_0.tar.bz2
https://repo.continuum.io/pkgs/free/linux-64/kealib-1.4.5-0.tar.bz2
https://repo.continuum.io/pkgs/free/linux-64/krb5-1.13.2-0.tar.bz2
https://conda.anaconda.org/conda-forge/linux-64/libffi-3.2.1-0.tar.bz2
https://repo.continuum.io/pkgs/free/linux-64/libgdal-2.0.0-2.tar.bz2
https://repo.continuum.io/pkgs/free/linux-64/libgfortran-1.0-0.tar.bz2
https://repo.continuum.io/pkgs/free/linux-64/libnetcdf-4.3.3.1-3.tar.bz2
https://repo.continuum.io/pkgs/free/linux-64/libpng-1.6.17-0.tar.bz2
https://conda.anaconda.org/conda-forge/linux-64/libsodium-1.0.10-0.tar.bz2
https://repo.continuum.io/pkgs/free/linux-64/libxml2-2.9.2-0.tar.bz2
https://conda.anaconda.org/conda-forge/linux-64/markupsafe-1.0-py34_0.tar.bz2
https://repo.continuum.io/pkgs/free/linux-64/matplotlib-1.5.1-np111py34_0.tar.bz2
https://conda.anaconda.org/conda-forge/linux-64/mistune-0.7.3-py34_0.tar.bz2
https://repo.continuum.io/pkgs/free/linux-64/mkl-11.3.3-0.tar.bz2
https://conda.anaconda.org/mpi4py/linux-64/mpi4py-2.0.0-py34_openmpi_3.tar.bz2
https://repo.continuum.io/pkgs/free/linux-64/mpich2-1.4.1p1-0.tar.bz2
https://conda.anaconda.org/conda-forge/linux-64/nbconvert-4.2.0-py34_0.tar.bz2
https://conda.anaconda.org/conda-forge/linux-64/nbformat-4.2.0-py34_0.tar.bz2
https://conda.anaconda.org/conda-forge/linux-64/ncurses-5.9-10.tar.bz2
https://repo.continuum.io/pkgs/free/linux-64/netcdf4-1.2.2-np111py34_0.tar.bz2
https://conda.anaconda.org/conda-forge/linux-64/notebook-4.3.1-py34_0.tar.bz2
https://repo.continuum.io/pkgs/free/linux-64/numpy-1.11.2-py34_0.tar.bz2
https://conda.anaconda.org/conda-forge/linux-64/openblas-0.2.19-2.tar.bz2
https://conda.anaconda.org/mpi4py/linux-64/openmpi-1.10.3-openmpi_0.tar.bz2
https://conda.anaconda.org/conda-forge/linux-64/openssl-1.0.2l-0.tar.bz2
https://conda.anaconda.org/conda-forge/linux-64/pandas-0.19.2-np111py34_1.tar.bz2
https://conda.anaconda.org/conda-forge/linux-64/path.py-8.2.1-py34_0.tar.bz2
https://repo.continuum.io/pkgs/free/linux-64/pexpect-4.0.1-py34_0.tar.bz2
https://repo.continuum.io/pkgs/free/linux-64/pickleshare-0.7.4-py34_0.tar.bz2
https://repo.continuum.io/pkgs/free/linux-64/pip-9.0.1-py34_1.tar.bz2
https://repo.continuum.io/pkgs/free/linux-64/proj4-4.9.2-0.tar.bz2
https://conda.anaconda.org/conda-forge/linux-64/prompt_toolkit-1.0.9-py34_0.tar.bz2
https://conda.anaconda.org/conda-forge/linux-64/ptyprocess-0.5.1-py34_0.tar.bz2
https://conda.anaconda.org/conda-forge/linux-64/pycparser-2.17-py34_0.tar.bz2
https://conda.anaconda.org/conda-forge/linux-64/pydoe-0.3.8-py34_0.tar.bz2
https://conda.anaconda.org/conda-forge/linux-64/pygments-2.1.3-py34_0.tar.bz2
https://repo.continuum.io/pkgs/free/linux-64/pyparsing-2.0.3-py34_0.tar.bz2
https://repo.continuum.io/pkgs/free/linux-64/pyqt-4.11.4-py34_4.tar.bz2
https://conda.anaconda.org/conda-forge/linux-64/python-3.4.5-2.tar.bz2
https://conda.anaconda.org/conda-forge/linux-64/python-dateutil-2.6.0-py34_0.tar.bz2
https://conda.anaconda.org/conda-forge/linux-64/pytz-2016.10-py34_0.tar.bz2
https://conda.anaconda.org/conda-forge/linux-64/pyzmq-16.0.2-py34_0.tar.bz2
https://repo.continuum.io/pkgs/free/linux-64/qt-4.8.7-2.tar.bz2
https://conda.anaconda.org/conda-forge/linux-64/qtconsole-4.2.1-py34_0.tar.bz2
https://repo.continuum.io/pkgs/free/linux-64/readline-6.2-2.tar.bz2
https://conda.anaconda.org/conda-forge/noarch/salib-1.1.2-py_0.tar.bz2
https://conda.anaconda.org/conda-forge/linux-64/scipy-0.19.1-py34_blas_openblas_202.tar.bz2
https://conda.anaconda.org/conda-forge/linux-64/setuptools-27.2.0-py34_0.tar.bz2
https://repo.continuum.io/pkgs/free/linux-64/simplegeneric-0.8.1-py34_1.tar.bz2
https://conda.anaconda.org/conda-forge/linux-64/sip-4.18-py34_0.tar.bz2
https://conda.anaconda.org/conda-forge/linux-64/six-1.10.0-py34_0.tar.bz2
https://conda.anaconda.org/conda-forge/linux-64/sqlite-3.13.0-0.tar.bz2
https://repo.continuum.io/pkgs/free/linux-64/system-5.8-2.tar.bz2
https://conda.anaconda.org/conda-forge/linux-64/terminado-0.6-py34_0.tar.bz2
https://repo.continuum.io/pkgs/free/linux-64/tk-8.5.18-0.tar.bz2
https://conda.anaconda.org/conda-forge/linux-64/tornado-4.4.2-py34_0.tar.bz2
https://conda.anaconda.org/conda-forge/linux-64/traitlets-4.3.1-py34_0.tar.bz2
https://conda.anaconda.org/conda-forge/linux-64/wcwidth-0.1.7-py34_0.tar.bz2
https://conda.anaconda.org/conda-forge/linux-64/wheel-0.29.0-py34_0.tar.bz2
https://repo.continuum.io/pkgs/free/linux-64/widgetsnbextension-1.2.6-py34_0.tar.bz2
https://conda.anaconda.org/conda-forge/linux-64/xerces-c-3.1.4-0.tar.bz2
https://conda.anaconda.org/conda-forge/linux-64/xz-5.2.2-0.tar.bz2
https://conda.anaconda.org/conda-forge/linux-64/zeromq-4.1.5-0.tar.bz2
https://conda.anaconda.org/conda-forge/linux-64/zlib-1.2.8-3.tar.bz2
